2025-01-22 02:24:49,401 INFO Application started
2025-01-22 02:24:52,568 INFO Processing file: SrinivasAdivi_15 years_PythonDev_Bangalore.pdf
2025-01-22 02:24:52,569 INFO File saved to temporary path: /tmp/SrinivasAdivi_15_years_PythonDev_Bangalore.pdf
2025-01-22 02:24:52,569 INFO Starting extract_full_text_from_file function
2025-01-22 02:24:52,570 INFO File extension: pdf
2025-01-22 02:24:52,570 INFO Starting extract_text_from_pdf function
2025-01-22 02:24:52,960 INFO Finished extract_text_from_pdf function
2025-01-22 02:24:52,961 INFO Finished extract_full_text_from_file function
2025-01-22 02:24:52,961 INFO Extracted text from file: SrinivasAdivi_15 years_PythonDev_Bangalore.pdf
2025-01-22 02:24:52,961 INFO Finished processing /modifier/text_extraction request
2025-01-22 02:24:53,325 INFO Starting basics function
2025-01-22 02:32:17,303 INFO Processing file: SrinivasAdivi_15 years_PythonDev_Bangalore.pdf
2025-01-22 02:32:17,304 INFO File saved to temporary path: /tmp/SrinivasAdivi_15_years_PythonDev_Bangalore.pdf
2025-01-22 02:32:17,304 INFO Starting extract_full_text_from_file function
2025-01-22 02:32:17,304 INFO File extension: pdf
2025-01-22 02:32:17,304 INFO Starting extract_text_from_pdf function
2025-01-22 02:32:17,690 INFO Finished extract_text_from_pdf function
2025-01-22 02:32:17,691 INFO Finished extract_full_text_from_file function
2025-01-22 02:32:17,691 INFO Extracted text from file: SrinivasAdivi_15 years_PythonDev_Bangalore.pdf
2025-01-22 02:32:17,691 INFO Finished processing /modifier/text_extraction request
2025-01-22 02:32:18,373 INFO Starting basics function
2025-01-22 02:32:22,025 INFO Received request for /modifier/update_data
